Using pre-set license
Built from '2021.1/staging' branch; Version is '2021.1.15f1 (e767a7370072) revision 15165351'; Using compiler version '192528614'; Build Type 'Release'
OS: 'Windows 10 Home; OS build 19041.1237; Version 2004; 64bit' Language: 'pt' Physical Memory: 3490 MB
BatchMode: 1, IsHumanControllingUs: 0, StartBugReporterOnCrash: 0, Is64bit: 1, IsPro: 0

 COMMAND LINE ARGUMENTS:
C:\Program Files\Unity\Hub\Editor\2021.1.15f1\Editor\Unity.exe
-adb2
-batchMode
-noUpm
-name
AssetImportWorker48
-projectPath
C:/Users/Familia Santos/Documents/game_grop/game_grupo_00
-logFile
Logs/AssetImportWorker48.log
-srvPort
60651
Successfully changed project path to: C:/Users/Familia Santos/Documents/game_grop/game_grupo_00
C:/Users/Familia Santos/Documents/game_grop/game_grupo_00
Using Asset Import Pipeline V2.
